{
    "app_id": "testing-actor-runtime",
    "instance": "testing-actor-runtime-7c77959df9-t67jj",
    "level": "info",
    "msg": "starting Dapr Runtime -- version 1.6.0 -- commit 4bb25fab444c4f1a1bf0ffd74293dbd4fdcea580",
    "scope": "dapr.runtime",
    "time": "2022-03-23T08:45:03.548382455Z",
    "type": "log",
    "ver": "1.6.0"
}, {
    "app_id": "testing-actor-runtime",
    "instance": "testing-actor-runtime-7c77959df9-t67jj",
    "level": "info",
    "msg": "log level set to: info",
    "scope": "dapr.runtime",
    "time": "2022-03-23T08:45:03.548462161Z",
    "type": "log",
    "ver": "1.6.0"
}, {
    "app_id": "testing-actor-runtime",
    "instance": "testing-actor-runtime-7c77959df9-t67jj",
    "level": "info",
    "msg": "kubernetes mode configured",
    "scope": "dapr.runtime",
    "time": "2022-03-23T08:45:03.769496742Z",
    "type": "log",
    "ver": "1.6.0"
}, {
    "app_id": "testing-actor-runtime",
    "instance": "testing-actor-runtime-7c77959df9-t67jj",
    "level": "info",
    "msg": "app id: testing-actor-runtime",
    "scope": "dapr.runtime",
    "time": "2022-03-23T08:45:03.769531845Z",
    "type": "log",
    "ver": "1.6.0"
}, {
    "app_id": "testing-actor-runtime",
    "instance": "testing-actor-runtime-7c77959df9-t67jj",
    "level": "info",
    "msg": "mTLS enabled. creating sidecar authenticator",
    "scope": "dapr.runtime",
    "time": "2022-03-23T08:45:03.769547746Z",
    "type": "log",
    "ver": "1.6.0"
}, {
    "app_id": "testing-actor-runtime",
    "instance": "testing-actor-runtime-7c77959df9-t67jj",
    "level": "info",
    "msg": "trust anchors and cert chain extracted successfully",
    "scope": "dapr.runtime.security",
    "time": "2022-03-23T08:45:03.769619951Z",
    "type": "log",
    "ver": "1.6.0"
}, {
    "app_id": "testing-actor-runtime",
    "instance": "testing-actor-runtime-7c77959df9-t67jj",
    "level": "info",
    "msg": "authenticator created",
    "scope": "dapr.runtime",
    "time": "2022-03-23T08:45:03.769644953Z",
    "type": "log",
    "ver": "1.6.0"
}, {
    "app_id": "testing-actor-runtime",
    "instance": "testing-actor-runtime-7c77959df9-t67jj",
    "level": "info",
    "msg": "Initialized name resolution to kubernetes",
    "scope": "dapr.runtime",
    "time": "2022-03-23T08:45:03.769915874Z",
    "type": "log",
    "ver": "1.6.0"
}, {
    "app_id": "testing-actor-runtime",
    "instance": "testing-actor-runtime-7c77959df9-t67jj",
    "level": "info",
    "msg": "component loaded. name: kubernetes, type: secretstores.kubernetes/v1",
    "scope": "dapr.runtime",
    "time": "2022-03-23T08:45:03.771615205Z",
    "type": "log",
    "ver": "1.6.0"
}, {
    "app_id": "testing-actor-runtime",
    "instance": "testing-actor-runtime-7c77959df9-t67jj",
    "level": "info",
    "msg": "loading components",
    "scope": "dapr.runtime",
    "time": "2022-03-23T08:45:03.77180932Z",
    "type": "log",
    "ver": "1.6.0"
}, {
    "app_id": "testing-actor-runtime",
    "instance": "testing-actor-runtime-7c77959df9-t67jj",
    "level": "info",
    "msg": "waiting for all outstanding components to be processed",
    "scope": "dapr.runtime",
    "time": "2022-03-23T08:45:03.995381895Z",
    "type": "log",
    "ver": "1.6.0"
}, {
    "app_id": "testing-actor-runtime",
    "instance": "testing-actor-runtime-7c77959df9-t67jj",
    "level": "info",
    "msg": "detected actor state store: dapr-actor-state-store",
    "scope": "dapr.runtime",
    "time": "2022-03-23T08:45:04.516525932Z",
    "type": "log",
    "ver": "1.6.0"
}, {
    "app_id": "testing-actor-runtime",
    "instance": "testing-actor-runtime-7c77959df9-t67jj",
    "level": "info",
    "msg": "component loaded. name: dapr-actor-state-store, type: state.azure.cosmosdb/v1",
    "scope": "dapr.runtime",
    "time": "2022-03-23T08:45:04.516774252Z",
    "type": "log",
    "ver": "1.6.0"
}, {
    "app_id": "testing-actor-runtime",
    "instance": "testing-actor-runtime-7c77959df9-t67jj",
    "level": "info",
    "msg": "all outstanding components processed",
    "scope": "dapr.runtime",
    "time": "2022-03-23T08:45:04.516825455Z",
    "type": "log",
    "ver": "1.6.0"
}, {
    "app_id": "testing-actor-runtime",
    "instance": "testing-actor-runtime-7c77959df9-t67jj",
    "level": "info",
    "msg": "enabled gRPC tracing middleware",
    "scope": "dapr.runtime.grpc.api",
    "time": "2022-03-23T08:45:04.517077175Z",
    "type": "log",
    "ver": "1.6.0"
}, {
    "app_id": "testing-actor-runtime",
    "instance": "testing-actor-runtime-7c77959df9-t67jj",
    "level": "info",
    "msg": "enabled gRPC tracing middleware",
    "scope": "dapr.runtime.grpc.api",
    "time": "2022-03-23T08:45:04.51713958Z",
    "type": "log",
    "ver": "1.6.0"
}, {
    "app_id": "testing-actor-runtime",
    "instance": "testing-actor-runtime-7c77959df9-t67jj",
    "level": "info",
    "msg": "API gRPC server is running on port 50001",
    "scope": "dapr.runtime",
    "time": "2022-03-23T08:45:04.517168782Z",
    "type": "log",
    "ver": "1.6.0"
}, {
    "app_id": "testing-actor-runtime",
    "instance": "testing-actor-runtime-7c77959df9-t67jj",
    "level": "info",
    "msg": "enabled tracing http middleware",
    "scope": "dapr.runtime.http",
    "time": "2022-03-23T08:45:04.517396299Z",
    "type": "log",
    "ver": "1.6.0"
}, {
    "app_id": "testing-actor-runtime",
    "instance": "testing-actor-runtime-7c77959df9-t67jj",
    "level": "info",
    "msg": "enabled tracing http middleware",
    "scope": "dapr.runtime.http",
    "time": "2022-03-23T08:45:04.517473305Z",
    "type": "log",
    "ver": "1.6.0"
}, {
    "app_id": "testing-actor-runtime",
    "instance": "testing-actor-runtime-7c77959df9-t67jj",
    "level": "info",
    "msg": "http server is running on port 3500",
    "scope": "dapr.runtime",
    "time": "2022-03-23T08:45:04.517487106Z",
    "type": "log",
    "ver": "1.6.0"
}, {
    "app_id": "testing-actor-runtime",
    "instance": "testing-actor-runtime-7c77959df9-t67jj",
    "level": "info",
    "msg": "The request body size parameter is: 4",
    "scope": "dapr.runtime",
    "time": "2022-03-23T08:45:04.517496607Z",
    "type": "log",
    "ver": "1.6.0"
}, {
    "app_id": "testing-actor-runtime",
    "instance": "testing-actor-runtime-7c77959df9-t67jj",
    "level": "info",
    "msg": "enabled gRPC tracing middleware",
    "scope": "dapr.runtime.grpc.internal",
    "time": "2022-03-23T08:45:04.517550511Z",
    "type": "log",
    "ver": "1.6.0"
}, {
    "app_id": "testing-actor-runtime",
    "instance": "testing-actor-runtime-7c77959df9-t67jj",
    "level": "info",
    "msg": "sending workload csr request to sentry",
    "scope": "dapr.runtime.grpc.internal",
    "time": "2022-03-23T08:45:04.517564912Z",
    "type": "log",
    "ver": "1.6.0"
}, {
    "app_id": "testing-actor-runtime",
    "instance": "testing-actor-runtime-7c77959df9-t67jj",
    "level": "info",
    "msg": "certificate signed successfully",
    "scope": "dapr.runtime.grpc.internal",
    "time": "2022-03-23T08:45:04.781017952Z",
    "type": "log",
    "ver": "1.6.0"
}, {
    "app_id": "testing-actor-runtime",
    "instance": "testing-actor-runtime-7c77959df9-t67jj",
    "level": "info",
    "msg": "internal gRPC server is running on port 50002",
    "scope": "dapr.runtime",
    "time": "2022-03-23T08:45:04.781308974Z",
    "type": "log",
    "ver": "1.6.0"
}, {
    "app_id": "testing-actor-runtime",
    "instance": "testing-actor-runtime-7c77959df9-t67jj",
    "level": "info",
    "msg": "application protocol: http. waiting on port 8081.  This will block until the app is listening on that port.",
    "scope": "dapr.runtime",
    "time": "2022-03-23T08:45:04.781362879Z",
    "type": "log",
    "ver": "1.6.0"
}, {
    "app_id": "testing-actor-runtime",
    "instance": "testing-actor-runtime-7c77959df9-t67jj",
    "level": "info",
    "msg": "starting workload cert expiry watcher. current cert expires on: 2022-03-24 09:00:04 +0000 UTC",
    "scope": "dapr.runtime.grpc.internal",
    "time": "2022-03-23T08:45:04.781564694Z",
    "type": "log",
    "ver": "1.6.0"
}, {
    "app_id": "testing-actor-runtime",
    "instance": "testing-actor-runtime-7c77959df9-t67jj",
    "level": "info",
    "msg": "application discovered on port 8081",
    "scope": "dapr.runtime",
    "time": "2022-03-23T08:45:05.550930001Z",
    "type": "log",
    "ver": "1.6.0"
}, {
    "app_id": "testing-actor-runtime",
    "instance": "testing-actor-runtime-7c77959df9-t67jj",
    "level": "info",
    "msg": "application configuration loaded",
    "scope": "dapr.runtime",
    "time": "2022-03-23T08:45:06.34649792Z",
    "type": "log",
    "ver": "1.6.0"
}, {
    "app_id": "testing-actor-runtime",
    "instance": "testing-actor-runtime-7c77959df9-t67jj",
    "level": "info",
    "msg": "actor runtime started. actor idle timeout: 5m0s. actor scan interval: 30s",
    "scope": "dapr.runtime.actor",
    "time": "2022-03-23T08:45:06.346654932Z",
    "type": "log",
    "ver": "1.6.0"
}, {
    "app_id": "testing-actor-runtime",
    "instance": "testing-actor-runtime-7c77959df9-t67jj",
    "level": "info",
    "msg": "dapr initialized. Status: Running. Init Elapsed 2577.198294ms",
    "scope": "dapr.runtime",
    "time": "2022-03-23T08:45:06.346694235Z",
    "type": "log",
    "ver": "1.6.0"
}, {
    "app_id": "testing-actor-runtime",
    "instance": "testing-actor-runtime-7c77959df9-t67jj",
    "level": "info",
    "msg": "placement tables updated, version: 69",
    "scope": "dapr.runtime.actor.internal.placement",
    "time": "2022-03-23T08:45:06.39881554Z",
    "type": "log",
    "ver": "1.6.0"
}, {
    "app_id": "testing-actor-runtime",
    "instance": "testing-actor-runtime-7c77959df9-t67jj",
    "level": "info",
    "msg": "placement tables updated, version: 70",
    "scope": "dapr.runtime.actor.internal.placement",
    "time": "2022-03-23T08:45:08.593295636Z",
    "type": "log",
    "ver": "1.6.0"
}, {
    "app_id": "testing-actor-runtime",
    "instance": "testing-actor-runtime-7c77959df9-t67jj",
    "level": "info",
    "msg": "placement tables updated, version: 71",
    "scope": "dapr.runtime.actor.internal.placement",
    "time": "2022-03-23T08:46:04.163974099Z",
    "type": "log",
    "ver": "1.6.0"
}, {
    "app_id": "testing-actor-runtime",
    "instance": "testing-actor-runtime-7c77959df9-t67jj",
    "level": "info",
    "msg": "Found reminder with key: RemindMeEveryMinute01||d0ddd78d-e80d-4d61-b01c-706c45acfbd6||RemindMe-Every-Minute-01-d0ddd78d-e80d-4d61-b01c-706c45acfbd6-Reminder. Deleting reminder",
    "scope": "dapr.runtime.actor",
    "time": "2022-03-23T08:52:05.004852987Z",
    "type": "log",
    "ver": "1.6.0"
}, {
    "app_id": "testing-actor-runtime",
    "instance": "testing-actor-runtime-7c77959df9-t67jj",
    "level": "info",
    "msg": "reminder RemindMe-Every-Minute-01-d0ddd78d-e80d-4d61-b01c-706c45acfbd6-Reminder with parameters: dueTime: 2022-03-23T08:42:05Z, period: 0h1m0s0ms, data:  has been deleted.",
    "scope": "dapr.runtime.actor",
    "time": "2022-03-23T08:52:05.747565692Z",
    "type": "log",
    "ver": "1.6.0"
},