{
    "app_id": "testing-actor-runtime",
    "instance": "testing-actor-runtime-7c77959df9-mfcxc",
    "level": "info",
    "msg": "starting Dapr Runtime -- version 1.6.0 -- commit 4bb25fab444c4f1a1bf0ffd74293dbd4fdcea580",
    "scope": "dapr.runtime",
    "time": "2022-03-23T08:39:08.545740039Z",
    "type": "log",
    "ver": "1.6.0"
}, {
    "app_id": "testing-actor-runtime",
    "instance": "testing-actor-runtime-7c77959df9-mfcxc",
    "level": "info",
    "msg": "log level set to: info",
    "scope": "dapr.runtime",
    "time": "2022-03-23T08:39:08.54578054Z",
    "type": "log",
    "ver": "1.6.0"
}, {
    "app_id": "testing-actor-runtime",
    "instance": "testing-actor-runtime-7c77959df9-mfcxc",
    "level": "info",
    "msg": "kubernetes mode configured",
    "scope": "dapr.runtime",
    "time": "2022-03-23T08:39:08.688585476Z",
    "type": "log",
    "ver": "1.6.0"
}, {
    "app_id": "testing-actor-runtime",
    "instance": "testing-actor-runtime-7c77959df9-mfcxc",
    "level": "info",
    "msg": "app id: testing-actor-runtime",
    "scope": "dapr.runtime",
    "time": "2022-03-23T08:39:08.688621177Z",
    "type": "log",
    "ver": "1.6.0"
}, {
    "app_id": "testing-actor-runtime",
    "instance": "testing-actor-runtime-7c77959df9-mfcxc",
    "level": "info",
    "msg": "mTLS enabled. creating sidecar authenticator",
    "scope": "dapr.runtime",
    "time": "2022-03-23T08:39:08.688651277Z",
    "type": "log",
    "ver": "1.6.0"
}, {
    "app_id": "testing-actor-runtime",
    "instance": "testing-actor-runtime-7c77959df9-mfcxc",
    "level": "info",
    "msg": "trust anchors and cert chain extracted successfully",
    "scope": "dapr.runtime.security",
    "time": "2022-03-23T08:39:08.688725679Z",
    "type": "log",
    "ver": "1.6.0"
}, {
    "app_id": "testing-actor-runtime",
    "instance": "testing-actor-runtime-7c77959df9-mfcxc",
    "level": "info",
    "msg": "authenticator created",
    "scope": "dapr.runtime",
    "time": "2022-03-23T08:39:08.688738179Z",
    "type": "log",
    "ver": "1.6.0"
}, {
    "app_id": "testing-actor-runtime",
    "instance": "testing-actor-runtime-7c77959df9-mfcxc",
    "level": "info",
    "msg": "Initialized name resolution to kubernetes",
    "scope": "dapr.runtime",
    "time": "2022-03-23T08:39:08.689043285Z",
    "type": "log",
    "ver": "1.6.0"
}, {
    "app_id": "testing-actor-runtime",
    "instance": "testing-actor-runtime-7c77959df9-mfcxc",
    "level": "info",
    "msg": "component loaded. name: kubernetes, type: secretstores.kubernetes/v1",
    "scope": "dapr.runtime",
    "time": "2022-03-23T08:39:08.690753316Z",
    "type": "log",
    "ver": "1.6.0"
}, {
    "app_id": "testing-actor-runtime",
    "instance": "testing-actor-runtime-7c77959df9-mfcxc",
    "level": "info",
    "msg": "loading components",
    "scope": "dapr.runtime",
    "time": "2022-03-23T08:39:08.690886119Z",
    "type": "log",
    "ver": "1.6.0"
}, {
    "app_id": "testing-actor-runtime",
    "instance": "testing-actor-runtime-7c77959df9-mfcxc",
    "level": "info",
    "msg": "waiting for all outstanding components to be processed",
    "scope": "dapr.runtime",
    "time": "2022-03-23T08:39:08.879588302Z",
    "type": "log",
    "ver": "1.6.0"
}, {
    "app_id": "testing-actor-runtime",
    "instance": "testing-actor-runtime-7c77959df9-mfcxc",
    "level": "info",
    "msg": "detected actor state store: dapr-actor-state-store",
    "scope": "dapr.runtime",
    "time": "2022-03-23T08:39:09.135019417Z",
    "type": "log",
    "ver": "1.6.0"
}, {
    "app_id": "testing-actor-runtime",
    "instance": "testing-actor-runtime-7c77959df9-mfcxc",
    "level": "info",
    "msg": "component loaded. name: dapr-actor-state-store, type: state.azure.cosmosdb/v1",
    "scope": "dapr.runtime",
    "time": "2022-03-23T08:39:09.135065318Z",
    "type": "log",
    "ver": "1.6.0"
}, {
    "app_id": "testing-actor-runtime",
    "instance": "testing-actor-runtime-7c77959df9-mfcxc",
    "level": "info",
    "msg": "all outstanding components processed",
    "scope": "dapr.runtime",
    "time": "2022-03-23T08:39:09.135084218Z",
    "type": "log",
    "ver": "1.6.0"
}, {
    "app_id": "testing-actor-runtime",
    "instance": "testing-actor-runtime-7c77959df9-mfcxc",
    "level": "info",
    "msg": "enabled gRPC tracing middleware",
    "scope": "dapr.runtime.grpc.api",
    "time": "2022-03-23T08:39:09.135477926Z",
    "type": "log",
    "ver": "1.6.0"
}, {
    "app_id": "testing-actor-runtime",
    "instance": "testing-actor-runtime-7c77959df9-mfcxc",
    "level": "info",
    "msg": "enabled gRPC tracing middleware",
    "scope": "dapr.runtime.grpc.api",
    "time": "2022-03-23T08:39:09.135536527Z",
    "type": "log",
    "ver": "1.6.0"
}, {
    "app_id": "testing-actor-runtime",
    "instance": "testing-actor-runtime-7c77959df9-mfcxc",
    "level": "info",
    "msg": "API gRPC server is running on port 50001",
    "scope": "dapr.runtime",
    "time": "2022-03-23T08:39:09.135558127Z",
    "type": "log",
    "ver": "1.6.0"
}, {
    "app_id": "testing-actor-runtime",
    "instance": "testing-actor-runtime-7c77959df9-mfcxc",
    "level": "info",
    "msg": "enabled tracing http middleware",
    "scope": "dapr.runtime.http",
    "time": "2022-03-23T08:39:09.137191757Z",
    "type": "log",
    "ver": "1.6.0"
}, {
    "app_id": "testing-actor-runtime",
    "instance": "testing-actor-runtime-7c77959df9-mfcxc",
    "level": "info",
    "msg": "enabled tracing http middleware",
    "scope": "dapr.runtime.http",
    "time": "2022-03-23T08:39:09.137295159Z",
    "type": "log",
    "ver": "1.6.0"
}, {
    "app_id": "testing-actor-runtime",
    "instance": "testing-actor-runtime-7c77959df9-mfcxc",
    "level": "info",
    "msg": "http server is running on port 3500",
    "scope": "dapr.runtime",
    "time": "2022-03-23T08:39:09.13732256Z",
    "type": "log",
    "ver": "1.6.0"
}, {
    "app_id": "testing-actor-runtime",
    "instance": "testing-actor-runtime-7c77959df9-mfcxc",
    "level": "info",
    "msg": "The request body size parameter is: 4",
    "scope": "dapr.runtime",
    "time": "2022-03-23T08:39:09.13733946Z",
    "type": "log",
    "ver": "1.6.0"
}, {
    "app_id": "testing-actor-runtime",
    "instance": "testing-actor-runtime-7c77959df9-mfcxc",
    "level": "info",
    "msg": "enabled gRPC tracing middleware",
    "scope": "dapr.runtime.grpc.internal",
    "time": "2022-03-23T08:39:09.137395361Z",
    "type": "log",
    "ver": "1.6.0"
}, {
    "app_id": "testing-actor-runtime",
    "instance": "testing-actor-runtime-7c77959df9-mfcxc",
    "level": "info",
    "msg": "sending workload csr request to sentry",
    "scope": "dapr.runtime.grpc.internal",
    "time": "2022-03-23T08:39:09.137408661Z",
    "type": "log",
    "ver": "1.6.0"
}, {
    "app_id": "testing-actor-runtime",
    "instance": "testing-actor-runtime-7c77959df9-mfcxc",
    "level": "info",
    "msg": "certificate signed successfully",
    "scope": "dapr.runtime.grpc.internal",
    "time": "2022-03-23T08:39:09.307917609Z",
    "type": "log",
    "ver": "1.6.0"
}, {
    "app_id": "testing-actor-runtime",
    "instance": "testing-actor-runtime-7c77959df9-mfcxc",
    "level": "info",
    "msg": "internal gRPC server is running on port 50002",
    "scope": "dapr.runtime",
    "time": "2022-03-23T08:39:09.308080512Z",
    "type": "log",
    "ver": "1.6.0"
}, {
    "app_id": "testing-actor-runtime",
    "instance": "testing-actor-runtime-7c77959df9-mfcxc",
    "level": "info",
    "msg": "application protocol: http. waiting on port 8081.  This will block until the app is listening on that port.",
    "scope": "dapr.runtime",
    "time": "2022-03-23T08:39:09.308095812Z",
    "type": "log",
    "ver": "1.6.0"
}, {
    "app_id": "testing-actor-runtime",
    "instance": "testing-actor-runtime-7c77959df9-mfcxc",
    "level": "info",
    "msg": "starting workload cert expiry watcher. current cert expires on: 2022-03-24 08:54:09 +0000 UTC",
    "scope": "dapr.runtime.grpc.internal",
    "time": "2022-03-23T08:39:09.308371117Z",
    "type": "log",
    "ver": "1.6.0"
}, {
    "app_id": "testing-actor-runtime",
    "instance": "testing-actor-runtime-7c77959df9-mfcxc",
    "level": "info",
    "msg": "application discovered on port 8081",
    "scope": "dapr.runtime",
    "time": "2022-03-23T08:39:10.017475907Z",
    "type": "log",
    "ver": "1.6.0"
}, {
    "app_id": "testing-actor-runtime",
    "instance": "testing-actor-runtime-7c77959df9-mfcxc",
    "level": "info",
    "msg": "application configuration loaded",
    "scope": "dapr.runtime",
    "time": "2022-03-23T08:39:10.682754388Z",
    "type": "log",
    "ver": "1.6.0"
}, {
    "app_id": "testing-actor-runtime",
    "instance": "testing-actor-runtime-7c77959df9-mfcxc",
    "level": "info",
    "msg": "actor runtime started. actor idle timeout: 5m0s. actor scan interval: 30s",
    "scope": "dapr.runtime.actor",
    "time": "2022-03-23T08:39:10.682962592Z",
    "type": "log",
    "ver": "1.6.0"
}, {
    "app_id": "testing-actor-runtime",
    "instance": "testing-actor-runtime-7c77959df9-mfcxc",
    "level": "info",
    "msg": "dapr initialized. Status: Running. Init Elapsed 1994.4067169999998ms",
    "scope": "dapr.runtime",
    "time": "2022-03-23T08:39:10.682992193Z",
    "type": "log",
    "ver": "1.6.0"
}, {
    "app_id": "testing-actor-runtime",
    "instance": "testing-actor-runtime-7c77959df9-mfcxc",
    "level": "info",
    "msg": "placement tables updated, version: 70",
    "scope": "dapr.runtime.actor.internal.placement",
    "time": "2022-03-23T08:46:02.223615721Z",
    "type": "log",
    "ver": "1.6.0"
}, {
    "app_id": "testing-actor-runtime",
    "instance": "testing-actor-runtime-7c77959df9-mfcxc",
    "level": "info",
    "msg": "placement tables updated, version: 71",
    "scope": "dapr.runtime.actor.internal.placement",
    "time": "2022-03-23T08:46:04.090051727Z",
    "type": "log",
    "ver": "1.6.0"
}, {
    "app_id": "testing-actor-runtime",
    "instance": "testing-actor-runtime-7c77959df9-mfcxc",
    "level": "info",
    "msg": "Found reminder with key: RemindMeEveryMinute01||d0ddd78d-e80d-4d61-b01c-706c45acfbd6||RemindMe-Every-Minute-01-d0ddd78d-e80d-4d61-b01c-706c45acfbd6-Reminder. Deleting reminder",
    "scope": "dapr.runtime.actor",
    "time": "2022-03-23T08:52:05.00399819Z",
    "type": "log",
    "ver": "1.6.0"
}, {
    "app_id": "testing-actor-runtime",
    "instance": "testing-actor-runtime-7c77959df9-mfcxc",
    "level": "info",
    "msg": "reminder RemindMe-Every-Minute-01-d0ddd78d-e80d-4d61-b01c-706c45acfbd6-Reminder with parameters: dueTime: 2022-03-23T08:42:05Z, period: 0h1m0s0ms, data:  has been deleted.",
    "scope": "dapr.runtime.actor",
    "time": "2022-03-23T08:52:05.036301896Z",
    "type": "log",
    "ver": "1.6.0"
},